<?xml version="1.0" encoding="UTF-8"?>
<testsuite xmlns:xsi="http://www.w3.org/2001/XMLSchema-instance" xsi:noNamespaceSchemaLocation="https://maven.apache.org/surefire/maven-surefire-plugin/xsd/surefire-test-report.xsd" name="com.euler.service.ArticleServiceImplTest" time="0.015" tests="1" errors="0" skipped="0" failures="0">
  <properties>
    <property name="sun.desktop" value="windows"/>
    <property name="awt.toolkit" value="sun.awt.windows.WToolkit"/>
    <property name="file.encoding.pkg" value="sun.io"/>
    <property name="java.specification.version" value="1.8"/>
    <property name="sun.cpu.isalist" value="amd64"/>
    <property name="sun.jnu.encoding" value="GBK"/>
    <property name="java.class.path" value="D:\IDEA\workspace\library-procurement-backend\target\test-classes;D:\IDEA\workspace\library-procurement-backend\target\classes;D:\Maven\LocalRepository\org\springframework\boot\spring-boot-starter-web\2.4.3\spring-boot-starter-web-2.4.3.jar;D:\Maven\LocalRepository\org\springframework\boot\spring-boot-starter\2.4.3\spring-boot-starter-2.4.3.jar;D:\Maven\LocalRepository\org\springframework\boot\spring-boot\2.4.3\spring-boot-2.4.3.jar;D:\Maven\LocalRepository\org\springframework\boot\spring-boot-starter-logging\2.4.3\spring-boot-starter-logging-2.4.3.jar;D:\Maven\LocalRepository\ch\qos\logback\logback-classic\1.2.3\logback-classic-1.2.3.jar;D:\Maven\LocalRepository\ch\qos\logback\logback-core\1.2.3\logback-core-1.2.3.jar;D:\Maven\LocalRepository\org\apache\logging\log4j\log4j-to-slf4j\2.13.3\log4j-to-slf4j-2.13.3.jar;D:\Maven\LocalRepository\org\apache\logging\log4j\log4j-api\2.13.3\log4j-api-2.13.3.jar;D:\Maven\LocalRepository\org\slf4j\jul-to-slf4j\1.7.30\jul-to-slf4j-1.7.30.jar;D:\Maven\LocalRepository\jakarta\annotation\jakarta.annotation-api\1.3.5\jakarta.annotation-api-1.3.5.jar;D:\Maven\LocalRepository\org\yaml\snakeyaml\1.27\snakeyaml-1.27.jar;D:\Maven\LocalRepository\org\springframework\boot\spring-boot-starter-json\2.4.3\spring-boot-starter-json-2.4.3.jar;D:\Maven\LocalRepository\com\fasterxml\jackson\core\jackson-databind\2.11.4\jackson-databind-2.11.4.jar;D:\Maven\LocalRepository\com\fasterxml\jackson\core\jackson-core\2.11.4\jackson-core-2.11.4.jar;D:\Maven\LocalRepository\com\fasterxml\jackson\datatype\jackson-datatype-jdk8\2.11.4\jackson-datatype-jdk8-2.11.4.jar;D:\Maven\LocalRepository\com\fasterxml\jackson\datatype\jackson-datatype-jsr310\2.11.4\jackson-datatype-jsr310-2.11.4.jar;D:\Maven\LocalRepository\com\fasterxml\jackson\module\jackson-module-parameter-names\2.11.4\jackson-module-parameter-names-2.11.4.jar;D:\Maven\LocalRepository\org\springframework\boot\spring-boot-starter-tomcat\2.4.3\spring-boot-starter-tomcat-2.4.3.jar;D:\Maven\LocalRepository\org\apache\tomcat\embed\tomcat-embed-core\9.0.43\tomcat-embed-core-9.0.43.jar;D:\Maven\LocalRepository\org\glassfish\jakarta.el\3.0.3\jakarta.el-3.0.3.jar;D:\Maven\LocalRepository\org\apache\tomcat\embed\tomcat-embed-websocket\9.0.43\tomcat-embed-websocket-9.0.43.jar;D:\Maven\LocalRepository\org\springframework\spring-web\5.3.4\spring-web-5.3.4.jar;D:\Maven\LocalRepository\org\springframework\spring-beans\5.3.4\spring-beans-5.3.4.jar;D:\Maven\LocalRepository\org\springframework\spring-webmvc\5.3.4\spring-webmvc-5.3.4.jar;D:\Maven\LocalRepository\org\springframework\spring-aop\5.3.4\spring-aop-5.3.4.jar;D:\Maven\LocalRepository\org\springframework\spring-context\5.3.4\spring-context-5.3.4.jar;D:\Maven\LocalRepository\org\springframework\spring-expression\5.3.4\spring-expression-5.3.4.jar;D:\Maven\LocalRepository\org\springframework\session\spring-session-core\2.4.2\spring-session-core-2.4.2.jar;D:\Maven\LocalRepository\org\springframework\spring-jcl\5.3.4\spring-jcl-5.3.4.jar;D:\Maven\LocalRepository\org\springframework\boot\spring-boot-starter-data-jpa\2.4.3\spring-boot-starter-data-jpa-2.4.3.jar;D:\Maven\LocalRepository\org\springframework\boot\spring-boot-starter-aop\2.4.3\spring-boot-starter-aop-2.4.3.jar;D:\Maven\LocalRepository\org\aspectj\aspectjweaver\1.9.6\aspectjweaver-1.9.6.jar;D:\Maven\LocalRepository\org\springframework\boot\spring-boot-starter-jdbc\2.4.3\spring-boot-starter-jdbc-2.4.3.jar;D:\Maven\LocalRepository\com\zaxxer\HikariCP\3.4.5\HikariCP-3.4.5.jar;D:\Maven\LocalRepository\org\springframework\spring-jdbc\5.3.4\spring-jdbc-5.3.4.jar;D:\Maven\LocalRepository\jakarta\transaction\jakarta.transaction-api\1.3.3\jakarta.transaction-api-1.3.3.jar;D:\Maven\LocalRepository\jakarta\persistence\jakarta.persistence-api\2.2.3\jakarta.persistence-api-2.2.3.jar;D:\Maven\LocalRepository\org\hibernate\hibernate-core\5.4.28.Final\hibernate-core-5.4.28.Final.jar;D:\Maven\LocalRepository\org\jboss\logging\jboss-logging\3.4.1.Final\jboss-logging-3.4.1.Final.jar;D:\Maven\LocalRepository\org\javassist\javassist\3.27.0-GA\javassist-3.27.0-GA.jar;D:\Maven\LocalRepository\net\bytebuddy\byte-buddy\1.10.20\byte-buddy-1.10.20.jar;D:\Maven\LocalRepository\antlr\antlr\2.7.7\antlr-2.7.7.jar;D:\Maven\LocalRepository\org\jboss\jandex\2.2.3.Final\jandex-2.2.3.Final.jar;D:\Maven\LocalRepository\org\dom4j\dom4j\2.1.3\dom4j-2.1.3.jar;D:\Maven\LocalRepository\org\hibernate\common\hibernate-commons-annotations\5.1.2.Final\hibernate-commons-annotations-5.1.2.Final.jar;D:\Maven\LocalRepository\org\glassfish\jaxb\jaxb-runtime\2.3.3\jaxb-runtime-2.3.3.jar;D:\Maven\LocalRepository\org\glassfish\jaxb\txw2\2.3.3\txw2-2.3.3.jar;D:\Maven\LocalRepository\com\sun\istack\istack-commons-runtime\3.0.11\istack-commons-runtime-3.0.11.jar;D:\Maven\LocalRepository\com\sun\activation\jakarta.activation\1.2.2\jakarta.activation-1.2.2.jar;D:\Maven\LocalRepository\org\springframework\data\spring-data-jpa\2.4.5\spring-data-jpa-2.4.5.jar;D:\Maven\LocalRepository\org\springframework\data\spring-data-commons\2.4.5\spring-data-commons-2.4.5.jar;D:\Maven\LocalRepository\org\springframework\spring-orm\5.3.4\spring-orm-5.3.4.jar;D:\Maven\LocalRepository\org\springframework\spring-tx\5.3.4\spring-tx-5.3.4.jar;D:\Maven\LocalRepository\org\springframework\spring-aspects\5.3.4\spring-aspects-5.3.4.jar;D:\Maven\LocalRepository\mysql\mysql-connector-java\8.0.23\mysql-connector-java-8.0.23.jar;D:\Maven\LocalRepository\com\alibaba\druid-spring-boot-starter\1.2.5\druid-spring-boot-starter-1.2.5.jar;D:\Maven\LocalRepository\com\alibaba\druid\1.2.5\druid-1.2.5.jar;D:\Maven\LocalRepository\org\slf4j\slf4j-api\1.7.30\slf4j-api-1.7.30.jar;D:\Maven\LocalRepository\org\springframework\boot\spring-boot-autoconfigure\2.4.3\spring-boot-autoconfigure-2.4.3.jar;D:\Maven\LocalRepository\org\springframework\boot\spring-boot-starter-test\2.4.3\spring-boot-starter-test-2.4.3.jar;D:\Maven\LocalRepository\org\springframework\boot\spring-boot-test\2.4.3\spring-boot-test-2.4.3.jar;D:\Maven\LocalRepository\org\springframework\boot\spring-boot-test-autoconfigure\2.4.3\spring-boot-test-autoconfigure-2.4.3.jar;D:\Maven\LocalRepository\com\jayway\jsonpath\json-path\2.4.0\json-path-2.4.0.jar;D:\Maven\LocalRepository\net\minidev\json-smart\2.3\json-smart-2.3.jar;D:\Maven\LocalRepository\net\minidev\accessors-smart\1.2\accessors-smart-1.2.jar;D:\Maven\LocalRepository\org\ow2\asm\asm\5.0.4\asm-5.0.4.jar;D:\Maven\LocalRepository\jakarta\xml\bind\jakarta.xml.bind-api\2.3.3\jakarta.xml.bind-api-2.3.3.jar;D:\Maven\LocalRepository\jakarta\activation\jakarta.activation-api\1.2.2\jakarta.activation-api-1.2.2.jar;D:\Maven\LocalRepository\org\assertj\assertj-core\3.18.1\assertj-core-3.18.1.jar;D:\Maven\LocalRepository\org\hamcrest\hamcrest\2.2\hamcrest-2.2.jar;D:\Maven\LocalRepository\org\junit\jupiter\junit-jupiter\5.7.1\junit-jupiter-5.7.1.jar;D:\Maven\LocalRepository\org\junit\jupiter\junit-jupiter-api\5.7.1\junit-jupiter-api-5.7.1.jar;D:\Maven\LocalRepository\org\apiguardian\apiguardian-api\1.1.0\apiguardian-api-1.1.0.jar;D:\Maven\LocalRepository\org\opentest4j\opentest4j\1.2.0\opentest4j-1.2.0.jar;D:\Maven\LocalRepository\org\junit\platform\junit-platform-commons\1.7.1\junit-platform-commons-1.7.1.jar;D:\Maven\LocalRepository\org\junit\jupiter\junit-jupiter-params\5.7.1\junit-jupiter-params-5.7.1.jar;D:\Maven\LocalRepository\org\junit\jupiter\junit-jupiter-engine\5.7.1\junit-jupiter-engine-5.7.1.jar;D:\Maven\LocalRepository\org\junit\platform\junit-platform-engine\1.7.1\junit-platform-engine-1.7.1.jar;D:\Maven\LocalRepository\org\mockito\mockito-core\3.6.28\mockito-core-3.6.28.jar;D:\Maven\LocalRepository\net\bytebuddy\byte-buddy-agent\1.10.20\byte-buddy-agent-1.10.20.jar;D:\Maven\LocalRepository\org\objenesis\objenesis\3.1\objenesis-3.1.jar;D:\Maven\LocalRepository\org\mockito\mockito-junit-jupiter\3.6.28\mockito-junit-jupiter-3.6.28.jar;D:\Maven\LocalRepository\org\skyscreamer\jsonassert\1.5.0\jsonassert-1.5.0.jar;D:\Maven\LocalRepository\com\vaadin\external\google\android-json\0.0.20131108.vaadin1\android-json-0.0.20131108.vaadin1.jar;D:\Maven\LocalRepository\org\springframework\spring-core\5.3.4\spring-core-5.3.4.jar;D:\Maven\LocalRepository\org\springframework\spring-test\5.3.4\spring-test-5.3.4.jar;D:\Maven\LocalRepository\org\xmlunit\xmlunit-core\2.7.0\xmlunit-core-2.7.0.jar;D:\Maven\LocalRepository\org\projectlombok\lombok\1.18.18\lombok-1.18.18.jar;D:\Maven\LocalRepository\com\alibaba\fastjson\1.2.62\fastjson-1.2.62.jar;D:\Maven\LocalRepository\io\springfox\springfox-swagger2\2.9.2\springfox-swagger2-2.9.2.jar;D:\Maven\LocalRepository\io\swagger\swagger-annotations\1.5.20\swagger-annotations-1.5.20.jar;D:\Maven\LocalRepository\io\swagger\swagger-models\1.5.20\swagger-models-1.5.20.jar;D:\Maven\LocalRepository\com\fasterxml\jackson\core\jackson-annotations\2.11.4\jackson-annotations-2.11.4.jar;D:\Maven\LocalRepository\io\springfox\springfox-spi\2.9.2\springfox-spi-2.9.2.jar;D:\Maven\LocalRepository\io\springfox\springfox-core\2.9.2\springfox-core-2.9.2.jar;D:\Maven\LocalRepository\io\springfox\springfox-schema\2.9.2\springfox-schema-2.9.2.jar;D:\Maven\LocalRepository\io\springfox\springfox-swagger-common\2.9.2\springfox-swagger-common-2.9.2.jar;D:\Maven\LocalRepository\io\springfox\springfox-spring-web\2.9.2\springfox-spring-web-2.9.2.jar;D:\Maven\LocalRepository\com\google\guava\guava\20.0\guava-20.0.jar;D:\Maven\LocalRepository\com\fasterxml\classmate\1.5.1\classmate-1.5.1.jar;D:\Maven\LocalRepository\org\springframework\plugin\spring-plugin-core\1.2.0.RELEASE\spring-plugin-core-1.2.0.RELEASE.jar;D:\Maven\LocalRepository\org\springframework\plugin\spring-plugin-metadata\1.2.0.RELEASE\spring-plugin-metadata-1.2.0.RELEASE.jar;D:\Maven\LocalRepository\org\mapstruct\mapstruct\1.2.0.Final\mapstruct-1.2.0.Final.jar;D:\Maven\LocalRepository\io\springfox\springfox-swagger-ui\2.9.2\springfox-swagger-ui-2.9.2.jar;"/>
    <property name="java.vm.vendor" value="Oracle Corporation"/>
    <property name="sun.arch.data.model" value="64"/>
    <property name="user.variant" value=""/>
    <property name="java.vendor.url" value="http://java.oracle.com/"/>
    <property name="user.timezone" value="Asia/Shanghai"/>
    <property name="java.vm.specification.version" value="1.8"/>
    <property name="os.name" value="Windows 10"/>
    <property name="user.country" value="CN"/>
    <property name="sun.java.launcher" value="SUN_STANDARD"/>
    <property name="sun.boot.library.path" value="C:\Program Files\Java\jdk1.8.0_301\jre\bin"/>
    <property name="sun.java.command" value="C:\Users\lhf\AppData\Local\Temp\surefire707598951080818754\surefirebooter8132958122476656769.jar C:\Users\lhf\AppData\Local\Temp\surefire707598951080818754 2021-12-19T21-12-29_431-jvmRun1 surefire8310752063660706194tmp surefire_05179349161502309708tmp"/>
    <property name="surefire.test.class.path" value="D:\IDEA\workspace\library-procurement-backend\target\test-classes;D:\IDEA\workspace\library-procurement-backend\target\classes;D:\Maven\LocalRepository\org\springframework\boot\spring-boot-starter-web\2.4.3\spring-boot-starter-web-2.4.3.jar;D:\Maven\LocalRepository\org\springframework\boot\spring-boot-starter\2.4.3\spring-boot-starter-2.4.3.jar;D:\Maven\LocalRepository\org\springframework\boot\spring-boot\2.4.3\spring-boot-2.4.3.jar;D:\Maven\LocalRepository\org\springframework\boot\spring-boot-starter-logging\2.4.3\spring-boot-starter-logging-2.4.3.jar;D:\Maven\LocalRepository\ch\qos\logback\logback-classic\1.2.3\logback-classic-1.2.3.jar;D:\Maven\LocalRepository\ch\qos\logback\logback-core\1.2.3\logback-core-1.2.3.jar;D:\Maven\LocalRepository\org\apache\logging\log4j\log4j-to-slf4j\2.13.3\log4j-to-slf4j-2.13.3.jar;D:\Maven\LocalRepository\org\apache\logging\log4j\log4j-api\2.13.3\log4j-api-2.13.3.jar;D:\Maven\LocalRepository\org\slf4j\jul-to-slf4j\1.7.30\jul-to-slf4j-1.7.30.jar;D:\Maven\LocalRepository\jakarta\annotation\jakarta.annotation-api\1.3.5\jakarta.annotation-api-1.3.5.jar;D:\Maven\LocalRepository\org\yaml\snakeyaml\1.27\snakeyaml-1.27.jar;D:\Maven\LocalRepository\org\springframework\boot\spring-boot-starter-json\2.4.3\spring-boot-starter-json-2.4.3.jar;D:\Maven\LocalRepository\com\fasterxml\jackson\core\jackson-databind\2.11.4\jackson-databind-2.11.4.jar;D:\Maven\LocalRepository\com\fasterxml\jackson\core\jackson-core\2.11.4\jackson-core-2.11.4.jar;D:\Maven\LocalRepository\com\fasterxml\jackson\datatype\jackson-datatype-jdk8\2.11.4\jackson-datatype-jdk8-2.11.4.jar;D:\Maven\LocalRepository\com\fasterxml\jackson\datatype\jackson-datatype-jsr310\2.11.4\jackson-datatype-jsr310-2.11.4.jar;D:\Maven\LocalRepository\com\fasterxml\jackson\module\jackson-module-parameter-names\2.11.4\jackson-module-parameter-names-2.11.4.jar;D:\Maven\LocalRepository\org\springframework\boot\spring-boot-starter-tomcat\2.4.3\spring-boot-starter-tomcat-2.4.3.jar;D:\Maven\LocalRepository\org\apache\tomcat\embed\tomcat-embed-core\9.0.43\tomcat-embed-core-9.0.43.jar;D:\Maven\LocalRepository\org\glassfish\jakarta.el\3.0.3\jakarta.el-3.0.3.jar;D:\Maven\LocalRepository\org\apache\tomcat\embed\tomcat-embed-websocket\9.0.43\tomcat-embed-websocket-9.0.43.jar;D:\Maven\LocalRepository\org\springframework\spring-web\5.3.4\spring-web-5.3.4.jar;D:\Maven\LocalRepository\org\springframework\spring-beans\5.3.4\spring-beans-5.3.4.jar;D:\Maven\LocalRepository\org\springframework\spring-webmvc\5.3.4\spring-webmvc-5.3.4.jar;D:\Maven\LocalRepository\org\springframework\spring-aop\5.3.4\spring-aop-5.3.4.jar;D:\Maven\LocalRepository\org\springframework\spring-context\5.3.4\spring-context-5.3.4.jar;D:\Maven\LocalRepository\org\springframework\spring-expression\5.3.4\spring-expression-5.3.4.jar;D:\Maven\LocalRepository\org\springframework\session\spring-session-core\2.4.2\spring-session-core-2.4.2.jar;D:\Maven\LocalRepository\org\springframework\spring-jcl\5.3.4\spring-jcl-5.3.4.jar;D:\Maven\LocalRepository\org\springframework\boot\spring-boot-starter-data-jpa\2.4.3\spring-boot-starter-data-jpa-2.4.3.jar;D:\Maven\LocalRepository\org\springframework\boot\spring-boot-starter-aop\2.4.3\spring-boot-starter-aop-2.4.3.jar;D:\Maven\LocalRepository\org\aspectj\aspectjweaver\1.9.6\aspectjweaver-1.9.6.jar;D:\Maven\LocalRepository\org\springframework\boot\spring-boot-starter-jdbc\2.4.3\spring-boot-starter-jdbc-2.4.3.jar;D:\Maven\LocalRepository\com\zaxxer\HikariCP\3.4.5\HikariCP-3.4.5.jar;D:\Maven\LocalRepository\org\springframework\spring-jdbc\5.3.4\spring-jdbc-5.3.4.jar;D:\Maven\LocalRepository\jakarta\transaction\jakarta.transaction-api\1.3.3\jakarta.transaction-api-1.3.3.jar;D:\Maven\LocalRepository\jakarta\persistence\jakarta.persistence-api\2.2.3\jakarta.persistence-api-2.2.3.jar;D:\Maven\LocalRepository\org\hibernate\hibernate-core\5.4.28.Final\hibernate-core-5.4.28.Final.jar;D:\Maven\LocalRepository\org\jboss\logging\jboss-logging\3.4.1.Final\jboss-logging-3.4.1.Final.jar;D:\Maven\LocalRepository\org\javassist\javassist\3.27.0-GA\javassist-3.27.0-GA.jar;D:\Maven\LocalRepository\net\bytebuddy\byte-buddy\1.10.20\byte-buddy-1.10.20.jar;D:\Maven\LocalRepository\antlr\antlr\2.7.7\antlr-2.7.7.jar;D:\Maven\LocalRepository\org\jboss\jandex\2.2.3.Final\jandex-2.2.3.Final.jar;D:\Maven\LocalRepository\org\dom4j\dom4j\2.1.3\dom4j-2.1.3.jar;D:\Maven\LocalRepository\org\hibernate\common\hibernate-commons-annotations\5.1.2.Final\hibernate-commons-annotations-5.1.2.Final.jar;D:\Maven\LocalRepository\org\glassfish\jaxb\jaxb-runtime\2.3.3\jaxb-runtime-2.3.3.jar;D:\Maven\LocalRepository\org\glassfish\jaxb\txw2\2.3.3\txw2-2.3.3.jar;D:\Maven\LocalRepository\com\sun\istack\istack-commons-runtime\3.0.11\istack-commons-runtime-3.0.11.jar;D:\Maven\LocalRepository\com\sun\activation\jakarta.activation\1.2.2\jakarta.activation-1.2.2.jar;D:\Maven\LocalRepository\org\springframework\data\spring-data-jpa\2.4.5\spring-data-jpa-2.4.5.jar;D:\Maven\LocalRepository\org\springframework\data\spring-data-commons\2.4.5\spring-data-commons-2.4.5.jar;D:\Maven\LocalRepository\org\springframework\spring-orm\5.3.4\spring-orm-5.3.4.jar;D:\Maven\LocalRepository\org\springframework\spring-tx\5.3.4\spring-tx-5.3.4.jar;D:\Maven\LocalRepository\org\springframework\spring-aspects\5.3.4\spring-aspects-5.3.4.jar;D:\Maven\LocalRepository\mysql\mysql-connector-java\8.0.23\mysql-connector-java-8.0.23.jar;D:\Maven\LocalRepository\com\alibaba\druid-spring-boot-starter\1.2.5\druid-spring-boot-starter-1.2.5.jar;D:\Maven\LocalRepository\com\alibaba\druid\1.2.5\druid-1.2.5.jar;D:\Maven\LocalRepository\org\slf4j\slf4j-api\1.7.30\slf4j-api-1.7.30.jar;D:\Maven\LocalRepository\org\springframework\boot\spring-boot-autoconfigure\2.4.3\spring-boot-autoconfigure-2.4.3.jar;D:\Maven\LocalRepository\org\springframework\boot\spring-boot-starter-test\2.4.3\spring-boot-starter-test-2.4.3.jar;D:\Maven\LocalRepository\org\springframework\boot\spring-boot-test\2.4.3\spring-boot-test-2.4.3.jar;D:\Maven\LocalRepository\org\springframework\boot\spring-boot-test-autoconfigure\2.4.3\spring-boot-test-autoconfigure-2.4.3.jar;D:\Maven\LocalRepository\com\jayway\jsonpath\json-path\2.4.0\json-path-2.4.0.jar;D:\Maven\LocalRepository\net\minidev\json-smart\2.3\json-smart-2.3.jar;D:\Maven\LocalRepository\net\minidev\accessors-smart\1.2\accessors-smart-1.2.jar;D:\Maven\LocalRepository\org\ow2\asm\asm\5.0.4\asm-5.0.4.jar;D:\Maven\LocalRepository\jakarta\xml\bind\jakarta.xml.bind-api\2.3.3\jakarta.xml.bind-api-2.3.3.jar;D:\Maven\LocalRepository\jakarta\activation\jakarta.activation-api\1.2.2\jakarta.activation-api-1.2.2.jar;D:\Maven\LocalRepository\org\assertj\assertj-core\3.18.1\assertj-core-3.18.1.jar;D:\Maven\LocalRepository\org\hamcrest\hamcrest\2.2\hamcrest-2.2.jar;D:\Maven\LocalRepository\org\junit\jupiter\junit-jupiter\5.7.1\junit-jupiter-5.7.1.jar;D:\Maven\LocalRepository\org\junit\jupiter\junit-jupiter-api\5.7.1\junit-jupiter-api-5.7.1.jar;D:\Maven\LocalRepository\org\apiguardian\apiguardian-api\1.1.0\apiguardian-api-1.1.0.jar;D:\Maven\LocalRepository\org\opentest4j\opentest4j\1.2.0\opentest4j-1.2.0.jar;D:\Maven\LocalRepository\org\junit\platform\junit-platform-commons\1.7.1\junit-platform-commons-1.7.1.jar;D:\Maven\LocalRepository\org\junit\jupiter\junit-jupiter-params\5.7.1\junit-jupiter-params-5.7.1.jar;D:\Maven\LocalRepository\org\junit\jupiter\junit-jupiter-engine\5.7.1\junit-jupiter-engine-5.7.1.jar;D:\Maven\LocalRepository\org\junit\platform\junit-platform-engine\1.7.1\junit-platform-engine-1.7.1.jar;D:\Maven\LocalRepository\org\mockito\mockito-core\3.6.28\mockito-core-3.6.28.jar;D:\Maven\LocalRepository\net\bytebuddy\byte-buddy-agent\1.10.20\byte-buddy-agent-1.10.20.jar;D:\Maven\LocalRepository\org\objenesis\objenesis\3.1\objenesis-3.1.jar;D:\Maven\LocalRepository\org\mockito\mockito-junit-jupiter\3.6.28\mockito-junit-jupiter-3.6.28.jar;D:\Maven\LocalRepository\org\skyscreamer\jsonassert\1.5.0\jsonassert-1.5.0.jar;D:\Maven\LocalRepository\com\vaadin\external\google\android-json\0.0.20131108.vaadin1\android-json-0.0.20131108.vaadin1.jar;D:\Maven\LocalRepository\org\springframework\spring-core\5.3.4\spring-core-5.3.4.jar;D:\Maven\LocalRepository\org\springframework\spring-test\5.3.4\spring-test-5.3.4.jar;D:\Maven\LocalRepository\org\xmlunit\xmlunit-core\2.7.0\xmlunit-core-2.7.0.jar;D:\Maven\LocalRepository\org\projectlombok\lombok\1.18.18\lombok-1.18.18.jar;D:\Maven\LocalRepository\com\alibaba\fastjson\1.2.62\fastjson-1.2.62.jar;D:\Maven\LocalRepository\io\springfox\springfox-swagger2\2.9.2\springfox-swagger2-2.9.2.jar;D:\Maven\LocalRepository\io\swagger\swagger-annotations\1.5.20\swagger-annotations-1.5.20.jar;D:\Maven\LocalRepository\io\swagger\swagger-models\1.5.20\swagger-models-1.5.20.jar;D:\Maven\LocalRepository\com\fasterxml\jackson\core\jackson-annotations\2.11.4\jackson-annotations-2.11.4.jar;D:\Maven\LocalRepository\io\springfox\springfox-spi\2.9.2\springfox-spi-2.9.2.jar;D:\Maven\LocalRepository\io\springfox\springfox-core\2.9.2\springfox-core-2.9.2.jar;D:\Maven\LocalRepository\io\springfox\springfox-schema\2.9.2\springfox-schema-2.9.2.jar;D:\Maven\LocalRepository\io\springfox\springfox-swagger-common\2.9.2\springfox-swagger-common-2.9.2.jar;D:\Maven\LocalRepository\io\springfox\springfox-spring-web\2.9.2\springfox-spring-web-2.9.2.jar;D:\Maven\LocalRepository\com\google\guava\guava\20.0\guava-20.0.jar;D:\Maven\LocalRepository\com\fasterxml\classmate\1.5.1\classmate-1.5.1.jar;D:\Maven\LocalRepository\org\springframework\plugin\spring-plugin-core\1.2.0.RELEASE\spring-plugin-core-1.2.0.RELEASE.jar;D:\Maven\LocalRepository\org\springframework\plugin\spring-plugin-metadata\1.2.0.RELEASE\spring-plugin-metadata-1.2.0.RELEASE.jar;D:\Maven\LocalRepository\org\mapstruct\mapstruct\1.2.0.Final\mapstruct-1.2.0.Final.jar;D:\Maven\LocalRepository\io\springfox\springfox-swagger-ui\2.9.2\springfox-swagger-ui-2.9.2.jar;"/>
    <property name="sun.cpu.endian" value="little"/>
    <property name="user.home" value="C:\Users\lhf"/>
    <property name="user.language" value="zh"/>
    <property name="java.specification.vendor" value="Oracle Corporation"/>
    <property name="java.home" value="C:\Program Files\Java\jdk1.8.0_301\jre"/>
    <property name="basedir" value="D:\IDEA\workspace\library-procurement-backend"/>
    <property name="file.separator" value="\"/>
    <property name="line.separator" value="&#10;"/>
    <property name="java.vm.specification.vendor" value="Oracle Corporation"/>
    <property name="java.specification.name" value="Java Platform API Specification"/>
    <property name="java.awt.graphicsenv" value="sun.awt.Win32GraphicsEnvironment"/>
    <property name="surefire.real.class.path" value="C:\Users\lhf\AppData\Local\Temp\surefire707598951080818754\surefirebooter8132958122476656769.jar"/>
    <property name="sun.boot.class.path" value="C:\Program Files\Java\jdk1.8.0_301\jre\lib\resources.jar;C:\Program Files\Java\jdk1.8.0_301\jre\lib\rt.jar;C:\Program Files\Java\jdk1.8.0_301\jre\lib\sunrsasign.jar;C:\Program Files\Java\jdk1.8.0_301\jre\lib\jsse.jar;C:\Program Files\Java\jdk1.8.0_301\jre\lib\jce.jar;C:\Program Files\Java\jdk1.8.0_301\jre\lib\charsets.jar;C:\Program Files\Java\jdk1.8.0_301\jre\lib\jfr.jar;C:\Program Files\Java\jdk1.8.0_301\jre\classes"/>
    <property name="user.script" value=""/>
    <property name="sun.management.compiler" value="HotSpot 64-Bit Tiered Compilers"/>
    <property name="java.runtime.version" value="1.8.0_301-b09"/>
    <property name="user.name" value="lhf"/>
    <property name="path.separator" value=";"/>
    <property name="os.version" value="10.0"/>
    <property name="java.endorsed.dirs" value="C:\Program Files\Java\jdk1.8.0_301\jre\lib\endorsed"/>
    <property name="java.runtime.name" value="Java(TM) SE Runtime Environment"/>
    <property name="file.encoding" value="GBK"/>
    <property name="java.vm.name" value="Java HotSpot(TM) 64-Bit Server VM"/>
    <property name="localRepository" value="D:\Maven\LocalRepository"/>
    <property name="java.vendor.url.bug" value="http://bugreport.sun.com/bugreport/"/>
    <property name="java.io.tmpdir" value="C:\Users\lhf\AppData\Local\Temp\"/>
    <property name="idea.version" value="2021.2.2"/>
    <property name="java.version" value="1.8.0_301"/>
    <property name="user.dir" value="D:\IDEA\workspace\library-procurement-backend"/>
    <property name="os.arch" value="amd64"/>
    <property name="java.vm.specification.name" value="Java Virtual Machine Specification"/>
    <property name="java.awt.printerjob" value="sun.awt.windows.WPrinterJob"/>
    <property name="sun.os.patch.level" value=""/>
    <property name="java.library.path" value="C:\Program Files\Java\jdk1.8.0_301\jre\bin;C:\Windows\Sun\Java\bin;C:\Windows\system32;C:\Windows;C:\Program Files\NVIDIA GPU Computing Toolkit\CUDA\v11.3\bin;C:\Program Files\NVIDIA GPU Computing Toolkit\CUDA\v11.3\libnvvp;C:\Program Files (x86)\Common Files\Oracle\Java\javapath;C:\Windows\system32;C:\Windows;C:\Windows\System32\Wbem;C:\Windows\System32\WindowsPowerShell\v1.0\;C:\Windows\System32\OpenSSH\;C:\Program Files (x86)\NVIDIA Corporation\PhysX\Common;C:\Program Files\NVIDIA Corporation\NVIDIA NvDLISR;D:\Git\cmd;C:\Program Files\Java\jdk1.8.0_301\bin;C:\Program Files\Java\jdk1.8.0_301\jre\bin;D:\Maven\apache-maven-3.6.3\bin;C:\Program Files\NVIDIA Corporation\Nsight Compute 2021.1.0\;D:\Node\;D:\Python310\Scripts\;D:\Python310\;C:\Users\lhf\AppData\Local\Microsoft\WindowsApps;D:\IDEA\IntelliJ IDEA 2021.2.2\bin;;D:\PyCharm\PyCharm 2021.2.3\bin;;D:\Node\node_global;D:\Node\node_cache;;."/>
    <property name="java.vm.info" value="mixed mode"/>
    <property name="java.vendor" value="Oracle Corporation"/>
    <property name="java.vm.version" value="25.301-b09"/>
    <property name="java.ext.dirs" value="C:\Program Files\Java\jdk1.8.0_301\jre\lib\ext;C:\Windows\Sun\Java\lib\ext"/>
    <property name="sun.io.unicode.encoding" value="UnicodeLittle"/>
    <property name="maven.repo.local" value="D:\Maven\LocalRepository"/>
    <property name="java.class.version" value="52.0"/>
  </properties>
  <testcase name="test" classname="com.euler.service.ArticleServiceImplTest" time="0.001"/>
</testsuite>